--- Startup times for process: Primary (or UI client) ---

times in msec
 clock   self+sourced   self:  sourced script
 clock   elapsed:              other lines

000.001  000.001: --- NVIM STARTING ---
000.083  000.082: event init
000.214  000.131: early init
000.596  000.382: locale set
000.626  000.030: init first window
001.021  000.396: inits 1
001.027  000.006: window checked
001.029  000.002: parsing arguments
001.391  000.027  000.027: require('vim.shared')
001.449  000.025  000.025: require('vim.inspect')
001.478  000.024  000.024: require('vim._options')
001.480  000.086  000.037: require('vim._editor')
001.481  000.134  000.021: require('vim._init_packages')
001.482  000.319: init lua interpreter
005.207  003.725: nvim_ui_attach
005.552  000.345: nvim_set_client_info
005.554  000.002: --- NVIM STARTED ---

--- Startup times for process: Embedded ---

times in msec
 clock   self+sourced   self:  sourced script
 clock   elapsed:              other lines

000.000  000.000: --- NVIM STARTING ---
000.071  000.071: event init
000.204  000.133: early init
000.545  000.341: locale set
000.572  000.028: init first window
000.960  000.388: inits 1
000.977  000.017: window checked
000.979  000.002: parsing arguments
001.416  000.039  000.039: require('vim.shared')
001.491  000.031  000.031: require('vim.inspect')
001.535  000.036  000.036: require('vim._options')
001.537  000.118  000.051: require('vim._editor')
001.538  000.180  000.024: require('vim._init_packages')
001.539  000.380: init lua interpreter
003.646  002.107: expanding arguments
003.661  000.015: inits 2
003.897  000.237: init highlight
003.898  000.001: waiting for UI
004.028  000.130: done waiting for UI
004.042  000.014: clear screen
004.168  000.010  000.010: require('vim.keymap')
005.087  000.209  000.209: sourcing nvim_exec2()
005.239  001.193  000.974: require('vim._defaults')
005.240  000.005: init default mappings & autocommands
005.716  000.050  000.050: sourcing /opt/homebrew/Cellar/neovim/0.11.5_1/share/nvim/runtime/ftplugin.vim
005.800  000.022  000.022: sourcing /opt/homebrew/Cellar/neovim/0.11.5_1/share/nvim/runtime/indent.vim
006.898  000.513  000.513: require('lazy')
006.948  000.035  000.035: require('ffi')
006.993  000.029  000.029: require('vim.fs')
007.169  000.174  000.174: require('vim.uri')
007.178  000.228  000.025: require('vim.loader')
007.365  000.165  000.165: require('lazy.stats')
007.543  000.139  000.139: require('lazy.core.util')
007.693  000.147  000.147: require('lazy.core.config')
007.962  000.124  000.124: require('lazy.core.handler')
008.305  000.149  000.149: require('lazy.pkg')
008.309  000.247  000.098: require('lazy.core.meta')
008.315  000.352  000.105: require('lazy.core.plugin')
008.321  000.627  000.151: require('lazy.core.loader')
008.910  000.099  000.099: require('lazy.core.fragments')
010.087  000.130  000.130: require('lazyvim.util.deprecated')
010.094  000.372  000.242: require('lazyvim.util')
010.101  000.547  000.175: require('lazyvim.config')
010.888  000.429  000.429: require('lazyvim.config.options')
011.027  000.091  000.091: require('config.options')
011.150  000.107  000.107: require('lazyvim.util.plugin')
011.242  000.090  000.090: require('lazyvim.util.inject')
011.330  000.087  000.087: require('lazy.core.handler.event')
013.257  000.120  000.120: require('lazyvim.util.pick')
014.124  000.004  000.004: require('vim.F')
015.092  000.088  000.088: require('lazy.core.handler.cmd')
015.158  000.064  000.064: require('lazy.core.handler.ft')
015.250  000.091  000.091: require('lazy.core.handler.keys')
016.107  000.003  000.003: sourcing nvim_exec2() called at /Users/ohagi/.config/nvim/init.lua:0
016.116  000.001  000.001: sourcing nvim_exec2() called at /Users/ohagi/.config/nvim/init.lua:0
017.312  000.036  000.036: sourcing nvim_exec2() called at /opt/homebrew/Cellar/neovim/0.11.5_1/share/nvim/runtime/filetype.lua:0
017.314  000.093  000.057: sourcing /opt/homebrew/Cellar/neovim/0.11.5_1/share/nvim/runtime/filetype.lua
017.316  000.140  000.047: sourcing nvim_exec2() called at /Users/ohagi/.config/nvim/init.lua:0
017.658  000.001  000.001: sourcing nvim_exec2() called at /Users/ohagi/.config/nvim/init.lua:0
017.663  000.001  000.001: sourcing nvim_exec2() called at /Users/ohagi/.config/nvim/init.lua:0
017.771  000.069  000.069: require('lazyvim')
018.173  000.001  000.001: sourcing nvim_exec2() called at /Users/ohagi/.config/nvim/init.lua:0
018.187  000.001  000.001: sourcing nvim_exec2() called at /Users/ohagi/.config/nvim/init.lua:0
018.514  000.091  000.091: require('tokyonight.config')
018.515  000.281  000.190: require('tokyonight')
018.550  000.736  000.453: require('tokyonight')
018.655  000.102  000.102: require('tokyonight.theme')
018.849  000.089  000.089: require('tokyonight.util')
018.850  000.160  000.071: require('tokyonight.colors')
019.055  000.099  000.099: require('tokyonight.hsluv')
019.424  000.114  000.114: require('tokyonight.groups')
020.808  000.229  000.229: require('snacks')
020.809  000.278  000.048: sourcing /Users/ohagi/.local/share/nvim/lazy/snacks.nvim/plugin/snacks.lua
020.811  000.328  000.051: sourcing nvim_exec2() called at /Users/ohagi/.config/nvim/init.lua:0
020.814  000.001  000.001: sourcing nvim_exec2() called at /Users/ohagi/.config/nvim/init.lua:0
020.820  000.001  000.001: sourcing nvim_exec2() called at /Users/ohagi/.config/nvim/init.lua:0
021.325  000.022  000.022: sourcing /Users/ohagi/.local/share/nvim/lazy/nvim-web-devicons/plugin/nvim-web-devicons.vim
021.327  000.063  000.041: sourcing nvim_exec2() called at /Users/ohagi/.config/nvim/init.lua:0
021.334  000.001  000.001: sourcing nvim_exec2() called at /Users/ohagi/.config/nvim/init.lua:0
021.340  000.001  000.001: sourcing nvim_exec2() called at /Users/ohagi/.config/nvim/init.lua:0
021.710  000.271  000.271: require('nvim-tree.commands')
021.761  000.359  000.089: sourcing /Users/ohagi/.local/share/nvim/lazy/nvim-tree.lua/plugin/nvim-tree.lua
021.763  000.394  000.035: sourcing nvim_exec2() called at /Users/ohagi/.config/nvim/init.lua:0
021.767  000.001  000.001: sourcing nvim_exec2() called at /Users/ohagi/.config/nvim/init.lua:0
021.774  000.001  000.001: sourcing nvim_exec2() called at /Users/ohagi/.config/nvim/init.lua:0
022.017  000.118  000.118: require('nvim-tree.log')
022.305  000.094  000.094: require('nvim-tree.notify')
022.309  000.194  000.100: require('nvim-tree.events')
022.540  000.231  000.231: require('nvim-tree.utils')
022.569  000.550  000.125: require('nvim-tree.view')
023.001  000.107  000.107: require('nvim-tree.core')
023.156  000.061  000.061: require('nvim-tree.git.utils')
023.217  000.060  000.060: require('nvim-tree.renderer.components.devicons')
023.356  000.060  000.060: require('nvim-tree.classic')
023.358  000.141  000.081: require('nvim-tree.node')
023.361  000.360  000.098: require('nvim-tree.node.directory')
023.419  000.057  000.057: require('nvim-tree.iterators.node-iterator')
023.420  000.623  000.099: require('nvim-tree.actions.finders.find-file')
023.482  000.061  000.061: require('nvim-tree.actions.finders.search-node')
023.483  000.804  000.120: require('nvim-tree.actions.finders')
023.652  000.057  000.057: require('nvim-tree.node.file')
023.654  000.115  000.058: require('nvim-tree.actions.fs.create-file')
023.770  000.057  000.057: require('nvim-tree.lib')
023.897  000.065  000.065: require('nvim-tree.node.link')
023.901  000.130  000.065: require('nvim-tree.node.directory-link')
023.903  000.249  000.061: require('nvim-tree.actions.fs.remove-file')
023.964  000.060  000.060: require('nvim-tree.actions.fs.rename-file')
024.026  000.061  000.061: require('nvim-tree.actions.fs.trash')
024.027  000.544  000.059: require('nvim-tree.actions.fs')
024.202  000.061  000.061: require('nvim-tree.diagnostics')
024.204  000.118  000.057: require('nvim-tree.actions.moves.item')
024.258  000.054  000.054: require('nvim-tree.actions.moves.parent')
024.316  000.057  000.057: require('nvim-tree.actions.moves.sibling')
024.317  000.289  000.060: require('nvim-tree.actions.moves')
024.432  000.057  000.057: require('nvim-tree.actions.node.file-popup')
024.561  000.059  000.059: require('nvim-tree.renderer.components.full-name')
024.563  000.130  000.072: require('nvim-tree.actions.node.open-file')
024.616  000.052  000.052: require('nvim-tree.actions.node.run-command')
024.673  000.056  000.056: require('nvim-tree.actions.node.system-open')
024.728  000.055  000.055: require('nvim-tree.actions.node.buffer')
024.729  000.411  000.061: require('nvim-tree.actions.node')
024.852  000.058  000.058: require('nvim-tree.actions.root.change-dir')
024.853  000.123  000.065: require('nvim-tree.actions.root')
024.998  000.059  000.059: require('nvim-tree.actions.tree.find-file')
025.109  000.055  000.055: require('nvim-tree.actions.tree.modifiers.collapse')
025.166  000.057  000.057: require('nvim-tree.actions.tree.modifiers.expand')
025.167  000.168  000.056: require('nvim-tree.actions.tree.modifiers')
025.221  000.053  000.053: require('nvim-tree.actions.tree.open')
025.296  000.054  000.054: require('nvim-tree.actions.tree.toggle')
025.349  000.052  000.052: require('nvim-tree.actions.tree.resize')
025.350  000.496  000.110: require('nvim-tree.actions.tree')
025.351  002.782  000.114: require('nvim-tree.actions')
025.485  000.130  000.130: require('vim.diagnostic')
025.493  003.717  000.138: require('nvim-tree')
025.565  000.056  000.056: require('nvim-tree.legacy')
025.612  000.023  000.023: sourcing nvim_exec2() called at /Users/ohagi/.config/nvim/init.lua:0
025.616  000.002  000.002: sourcing nvim_exec2() called at /Users/ohagi/.config/nvim/init.lua:0
025.687  000.065  000.065: require('nvim-tree.keymap')
025.761  000.072  000.072: require('nvim-tree.appearance')
026.033  000.056  000.056: require('nvim-tree.buffers')
026.163  000.064  000.064: require('nvim-tree.git.runner')
026.224  000.061  000.061: require('nvim-tree.watcher')
026.227  000.193  000.069: require('nvim-tree.git')
026.349  000.070  000.070: require('nvim-tree.node.file-link')
026.351  000.123  000.053: require('nvim-tree.node.factory')
026.407  000.056  000.056: require('nvim-tree.node.root')
026.545  000.052  000.052: require('nvim-tree.enum')
026.548  000.140  000.088: require('nvim-tree.explorer.filters')
026.614  000.066  000.066: require('nvim-tree.marks')
026.676  000.061  000.061: require('nvim-tree.explorer.live-filter')
026.735  000.059  000.059: require('nvim-tree.explorer.sorter')
026.848  000.112  000.112: require('nvim-tree.actions.fs.clipboard')
027.134  000.063  000.063: require('nvim-tree.renderer.decorator')
027.136  000.129  000.066: require('nvim-tree.renderer.decorator.bookmarks')
027.192  000.055  000.055: require('nvim-tree.renderer.decorator.copied')
027.271  000.078  000.078: require('nvim-tree.renderer.decorator.cut')
027.355  000.084  000.084: require('nvim-tree.renderer.decorator.diagnostics')
027.454  000.098  000.098: require('nvim-tree.renderer.decorator.git')
027.532  000.077  000.077: require('nvim-tree.renderer.decorator.hidden')
027.598  000.065  000.065: require('nvim-tree.renderer.decorator.modified')
027.659  000.060  000.060: require('nvim-tree.renderer.decorator.opened')
027.719  000.060  000.060: require('nvim-tree.renderer.decorator.user')
027.806  000.086  000.086: require('nvim-tree.renderer.components.padding')
027.810  000.891  000.098: require('nvim-tree.renderer.builder')
027.814  000.965  000.074: require('nvim-tree.renderer')
027.821  001.923  000.093: require('nvim-tree.explorer')
027.882  000.060  000.060: require('nvim-tree.explorer.watch')
027.952  000.060  000.060: require('nvim-tree.renderer.components')
028.553  000.001  000.001: sourcing nvim_exec2() called at /Users/ohagi/.config/nvim/init.lua:0
028.560  000.001  000.001: sourcing nvim_exec2() called at /Users/ohagi/.config/nvim/init.lua:0
029.603  001.021  001.021: require('mini.icons')
029.680  001.726  000.703: require('mini.icons')
029.685  001.732  000.006: require('nvim-web-devicons')
029.758  000.070  000.070: require('nvim-tree.help')
029.897  000.054  000.054: require('nvim-tree.appearance.hi-test')
029.938  000.179  000.125: require('nvim-tree.api')
030.008  000.001  000.001: sourcing nvim_exec2() called at /Users/ohagi/.config/nvim/init.lua:0
030.012  000.001  000.001: sourcing nvim_exec2() called at /Users/ohagi/.config/nvim/init.lua:0
030.685  000.001  000.001: sourcing nvim_exec2() called at /Users/ohagi/.config/nvim/init.lua:0
030.689  000.001  000.001: sourcing nvim_exec2() called at /Users/ohagi/.config/nvim/init.lua:0
031.126  000.049  000.049: require('mason-core.path')
031.285  000.048  000.048: require('mason-core.functional.data')
031.341  000.055  000.055: require('mason-core.functional.function')
031.411  000.057  000.057: require('mason-core.functional.list')
031.474  000.050  000.050: require('mason-core.functional.relation')
031.523  000.048  000.048: require('mason-core.functional.logic')
031.578  000.054  000.054: require('mason-core.functional.number')
031.630  000.050  000.050: require('mason-core.functional.string')
031.683  000.051  000.051: require('mason-core.functional.table')
031.732  000.047  000.047: require('mason-core.functional.type')
031.733  000.549  000.091: require('mason-core.functional')
031.749  000.622  000.072: require('mason-core.platform')
031.806  000.057  000.057: require('mason.settings')
031.808  000.785  000.058: require('mason-core.installer.InstallLocation')
032.003  000.076  000.076: require('mason-core.log')
032.004  000.142  000.067: require('mason-core.EventEmitter')
032.062  000.057  000.057: require('mason-registry.sources')
032.065  000.257  000.057: require('mason-registry')
032.066  001.370  000.328: require('mason')
032.181  000.071  000.071: require('mason.api.command')
032.185  001.991  000.549: require('mason-core.functional')
032.235  000.048  000.048: require('mason-lspconfig.settings')
032.236  002.221  000.182: require('mason-lspconfig')
032.295  000.054  000.054: require('mason-core.async')
032.396  000.051  000.051: require('mason-core.async.control')
032.447  000.051  000.051: require('mason-core.result')
032.545  000.046  000.046: require('mason-core.async.uv')
032.548  000.100  000.053: require('mason-core.fs')
032.553  000.258  000.056: require('mason-registry.installer')
032.816  000.074  000.074: require('mason-core.process')
032.887  000.070  000.070: require('mason-core.spawn')
032.888  000.196  000.051: require('mason-core.installer.managers.powershell')
032.937  000.049  000.049: require('mason.version')
032.939  000.297  000.053: require('mason-core.fetch')
032.983  000.044  000.044: require('mason-core.providers')
033.098  000.046  000.046: require('mason-core.optional')
033.259  000.061  000.061: require('mason-core.purl')
033.262  000.115  000.053: require('mason-core.package.AbstractPackage')
033.470  000.049  000.049: require('mason-core.installer.compiler.expr')
033.473  000.104  000.054: require('mason-core.installer.compiler.link')
033.717  000.048  000.048: require('mason-core.installer.context.InstallContextCwd')
033.770  000.052  000.052: require('mason-core.installer.context.InstallContextFs')
033.819  000.049  000.049: require('mason-core.installer.context.InstallContextSpawn')
033.870  000.050  000.050: require('mason-core.receipt')
033.879  000.262  000.063: require('mason-core.installer.context')
033.879  000.307  000.046: require('mason-core.installer')
033.886  000.366  000.058: require('mason-core.installer.managers.std')
033.886  000.413  000.047: require('mason-core.installer.compiler.schemas')
033.937  000.050  000.050: require('mason-core.installer.compiler.util')
033.941  000.624  000.057: require('mason-core.installer.compiler')
033.993  000.052  000.052: require('mason-core.installer.linker')
033.996  000.733  000.058: require('mason-core.installer.InstallRunner')
034.050  000.054  000.054: require('mason-core.installer.UninstallRunner')
034.054  000.956  000.054: require('mason-core.package')
034.055  001.071  000.070: require('mason-registry.sources.util')
034.059  001.470  000.058: require('mason-registry.sources.github')
034.160  000.049  000.049: require('mason-registry.sources.synthesized')
036.418  000.053  000.053: require('mason-lspconfig.mappings')
036.420  000.105  000.052: require('mason-lspconfig.features.automatic_enable')
039.939  000.317  000.317: require('vim.lsp.log')
040.259  000.318  000.318: require('vim.lsp.protocol')
040.396  000.135  000.135: require('vim.lsp.util')
040.508  000.050  000.050: require('vim.lsp.sync')
040.510  000.113  000.062: require('vim.lsp._changetracking')
040.625  000.054  000.054: require('vim.lsp._transport')
040.639  000.128  000.075: require('vim.lsp.rpc')
040.663  001.211  000.201: require('vim.lsp')
042.061  000.046  000.046: require('mason-lspconfig.notify')
042.069  000.112  000.066: require('mason-lspconfig.api.command')
042.477  000.049  000.049: require('Comment.config')
042.593  000.063  000.063: require('Comment.ft')
042.595  000.117  000.054: require('Comment.utils')
042.644  000.048  000.048: require('Comment.opfunc')
042.690  000.046  000.046: require('Comment.extra')
042.692  000.453  000.193: require('Comment.api')
042.738  000.526  000.073: sourcing /Users/ohagi/.local/share/nvim/lazy/Comment.nvim/plugin/Comment.lua
042.740  000.559  000.033: sourcing nvim_exec2() called at /Users/ohagi/.config/nvim/init.lua:0
042.743  000.001  000.001: sourcing nvim_exec2() called at /Users/ohagi/.config/nvim/init.lua:0
042.747  000.001  000.001: sourcing nvim_exec2() called at /Users/ohagi/.config/nvim/init.lua:0
042.942  000.015  000.015: sourcing /Users/ohagi/.local/share/nvim/lazy/plenary.nvim/plugin/plenary.vim
042.943  000.045  000.030: sourcing nvim_exec2() called at /Users/ohagi/.config/nvim/init.lua:0
042.947  000.001  000.001: sourcing nvim_exec2() called at /Users/ohagi/.config/nvim/init.lua:0
042.950  000.000  000.000: sourcing nvim_exec2() called at /Users/ohagi/.config/nvim/init.lua:0
043.103  000.089  000.089: sourcing /Users/ohagi/.local/share/nvim/lazy/telescope.nvim/plugin/telescope.lua
043.105  000.116  000.027: sourcing nvim_exec2() called at /Users/ohagi/.config/nvim/init.lua:0
043.107  000.001  000.001: sourcing nvim_exec2() called at /Users/ohagi/.config/nvim/init.lua:0
043.111  000.000  000.000: sourcing nvim_exec2() called at /Users/ohagi/.config/nvim/init.lua:0
043.332  000.220  000.220: require('telescope.builtin')
043.368  000.001  000.001: sourcing nvim_exec2() called at /Users/ohagi/.config/nvim/init.lua:0
043.371  000.000  000.000: sourcing nvim_exec2() called at /Users/ohagi/.config/nvim/init.lua:0
043.596  000.049  000.049: require('toggleterm.lazy')
043.640  000.043  000.043: require('toggleterm.constants')
043.709  000.068  000.068: require('toggleterm.terminal')
043.712  000.339  000.179: require('toggleterm')
043.810  000.046  000.046: require('toggleterm.colors')
043.857  000.046  000.046: require('toggleterm.utils')
043.859  000.145  000.054: require('toggleterm.config')
043.919  000.051  000.051: require('vim.version')
044.514  000.059  000.059: require('toggleterm.commandline')
044.818  000.183  000.183: require('lspconfig.util')
044.826  000.225  000.042: sourcing /Users/ohagi/.local/share/nvim/lazy/nvim-lspconfig/plugin/lspconfig.lua
044.827  000.255  000.030: sourcing nvim_exec2() called at /Users/ohagi/.config/nvim/init.lua:0
044.854  000.001  000.001: sourcing nvim_exec2() called at /Users/ohagi/.config/nvim/init.lua:0
044.876  000.001  000.001: sourcing nvim_exec2() called at /Users/ohagi/.config/nvim/init.lua:0
045.102  000.222  000.222: require('vim.lsp.buf')
045.163  000.059  000.059: require('vim.lsp.codelens')
045.233  000.068  000.068: require('lazyvim.util.lsp')
045.398  000.044  000.044: require('lspconfig.async')
045.399  000.093  000.049: require('lspconfig.configs')
045.401  000.148  000.055: require('lspconfig')
045.512  000.028  000.028: sourcing /opt/homebrew/Cellar/neovim/0.11.5_1/share/nvim/runtime/plugin/editorconfig.lua
045.514  000.058  000.030: sourcing nvim_exec2() called at /Users/ohagi/.config/nvim/init.lua:0
045.590  000.028  000.028: sourcing /opt/homebrew/Cellar/neovim/0.11.5_1/share/nvim/runtime/plugin/man.lua
045.591  000.058  000.030: sourcing nvim_exec2() called at /Users/ohagi/.config/nvim/init.lua:0
045.998  000.076  000.076: sourcing /opt/homebrew/Cellar/neovim/0.11.5_1/share/nvim/runtime/pack/dist/opt/matchit/plugin/matchit.vim
046.005  000.368  000.293: sourcing /opt/homebrew/Cellar/neovim/0.11.5_1/share/nvim/runtime/plugin/matchit.vim
046.006  000.396  000.028: sourcing nvim_exec2() called at /Users/ohagi/.config/nvim/init.lua:0
046.101  000.059  000.059: sourcing /opt/homebrew/Cellar/neovim/0.11.5_1/share/nvim/runtime/plugin/matchparen.vim
046.102  000.086  000.027: sourcing nvim_exec2() called at /Users/ohagi/.config/nvim/init.lua:0
046.490  000.091  000.091: sourcing /opt/homebrew/Cellar/neovim/0.11.5_1/share/nvim/runtime/pack/dist/opt/netrw/plugin/netrwPlugin.vim
046.496  000.364  000.274: sourcing /opt/homebrew/Cellar/neovim/0.11.5_1/share/nvim/runtime/plugin/netrwPlugin.vim
046.497  000.392  000.027: sourcing nvim_exec2() called at /Users/ohagi/.config/nvim/init.lua:0
046.565  000.037  000.037: sourcing /opt/homebrew/Cellar/neovim/0.11.5_1/share/nvim/runtime/plugin/osc52.lua
046.566  000.068  000.030: sourcing nvim_exec2() called at /Users/ohagi/.config/nvim/init.lua:0
046.672  000.059  000.059: sourcing /opt/homebrew/Cellar/neovim/0.11.5_1/share/nvim/runtime/plugin/rplugin.vim
046.673  000.103  000.044: sourcing nvim_exec2() called at /Users/ohagi/.config/nvim/init.lua:0
046.728  000.024  000.024: sourcing /opt/homebrew/Cellar/neovim/0.11.5_1/share/nvim/runtime/plugin/shada.vim
046.729  000.054  000.030: sourcing nvim_exec2() called at /Users/ohagi/.config/nvim/init.lua:0
046.771  000.006  000.006: sourcing /opt/homebrew/Cellar/neovim/0.11.5_1/share/nvim/runtime/plugin/spellfile.vim
046.772  000.041  000.035: sourcing nvim_exec2() called at /Users/ohagi/.config/nvim/init.lua:0
046.822  040.875  017.999: require('config.lazy')
046.823  040.905  000.030: sourcing /Users/ohagi/.config/nvim/init.lua
046.825  000.609: sourcing vimrc file(s)
047.010  000.022  000.022: sourcing /opt/homebrew/Cellar/neovim/0.11.5_1/share/nvim/runtime/filetype.lua
047.150  000.026  000.026: sourcing /opt/homebrew/Cellar/neovim/0.11.5_1/share/nvim/runtime/syntax/synload.vim
047.181  000.117  000.092: sourcing /opt/homebrew/Cellar/neovim/0.11.5_1/share/nvim/runtime/syntax/syntax.vim
047.186  000.221: inits 3
047.502  000.316: reading ShaDa
047.546  000.044: opening buffers
047.619  000.070  000.070: require('snacks.explorer')
047.629  000.013: BufEnter autocommands
047.630  000.001: editing files in windows
047.650  000.021: VimEnter autocommands
047.855  000.069  000.069: require('snacks.util')
047.866  000.208  000.138: require('snacks.dashboard')
049.035  000.071  000.071: require('snacks.scroll')
049.100  000.055  000.055: require('snacks.animate')
049.380  000.048  000.048: require('vim.ui')
049.381  000.208  000.160: require('snacks.input')
049.448  000.066  000.066: require('snacks.scope')
049.537  000.050  000.050: require('snacks.picker')
049.591  000.053  000.053: require('snacks.picker.config')
049.707  000.116  000.116: require('snacks.picker.config.highlights')
049.777  000.069  000.069: require('snacks.picker.config.defaults')
049.875  000.097  000.097: require('snacks.picker.config.sources')
049.929  000.054  000.054: require('snacks.picker.config.layouts')
050.963  000.063  000.063: require('vim.termcap')
050.988  000.005  000.005: require('vim.text')
050.998  002.234: UIEnter autocommands
050.999  000.001: before starting main loop
051.396  000.397: first screen update
051.396  000.001: --- NVIM STARTED ---

